<?xml version="1.0" encoding="UTF-8" ?>
<testsuite tests="6" failures="0" name="com.github.serhatyurdakul.backgammon.client.StackStateTest" time="0.003" errors="0" skipped="0">
  <properties>
[...]
</properties>
  <testcase classname="com.github.serhatyurdakul.backgammon.client.StackStateTest" name="pointShouldBeEmptyAfterPoppingLastChecker" time="0.002"/>
  <testcase classname="com.github.serhatyurdakul.backgammon.client.StackStateTest" name="numberOfCheckersShouldIncreaseWhenWePush" time="0"/>
  <testcase classname="com.github.serhatyurdakul.backgammon.client.StackStateTest" name="pointShouldBeColouredBlackWhenWePushFirstBlackChecker" time="0"/>
  <testcase classname="com.github.serhatyurdakul.backgammon.client.StackStateTest" name="colorOfPointShouldNotChangeWhenWePopAndAtLeastOneCheckerLeft" time="0"/>
  <testcase classname="com.github.serhatyurdakul.backgammon.client.StackStateTest" name="numberOfCheckersShouldDecreaseWhenWePop" time="0"/>
  <testcase classname="com.github.serhatyurdakul.backgammon.client.StackStateTest" name="pointShouldBeColouredWhiteWhenWePushFirstWhiteChecker" time="0.001"/>
</testsuite>